\BOOKMARK [0][-]{part.2}{I Overview}{}% 1
\BOOKMARK [1][-]{section.3}{Introduction}{part.2}% 2
\BOOKMARK [1][-]{section.4}{Components}{part.2}% 3
\BOOKMARK [1][-]{section.5}{Etiquette}{part.2}% 4
\BOOKMARK [0][-]{part.6}{II Rules}{}% 5
\BOOKMARK [1][-]{section.7}{Setup}{part.6}% 6
\BOOKMARK [1][-]{section.9}{Game Overview }{part.6}% 7
\BOOKMARK [1][-]{section.10}{Private Auction }{part.6}% 8
\BOOKMARK [1][-]{section.11}{Stock Rounds}{part.6}% 9
\BOOKMARK [2][-]{subsection.12}{Stock Round overview }{section.11}% 10
\BOOKMARK [2][-]{subsection.13}{Selling shares}{section.11}% 11
\BOOKMARK [2][-]{subsection.16}{Buying shares}{section.11}% 12
\BOOKMARK [2][-]{subsection.17}{Redeeming shares }{section.11}% 13
\BOOKMARK [2][-]{subsection.18}{``Floating'' a public company}{section.11}% 14
\BOOKMARK [1][-]{section.23}{Operating Rounds}{part.6}% 15
\BOOKMARK [2][-]{subsection.24}{Operating Round overview }{section.23}% 16
\BOOKMARK [3][-]{subsubsection.27}{Paying red private companies }{subsection.24}% 17
\BOOKMARK [2][-]{subsection.28}{Operating order}{section.23}% 18
\BOOKMARK [2][-]{subsection.29}{Operating Round actions}{section.23}% 19
\BOOKMARK [3][-]{subsubsection.36}{Build track}{subsection.29}% 20
\BOOKMARK [3][-]{subsubsection.37}{Place or swap station marker\(s\) }{subsection.29}% 21
\BOOKMARK [4][-]{paragraph.38}{Station marker overview}{subsubsection.37}% 22
\BOOKMARK [4][-]{paragraph.39}{Place a station marker}{subsubsection.37}% 23
\BOOKMARK [4][-]{paragraph.43}{Swap station markers}{subsubsection.37}% 24
\BOOKMARK [3][-]{subsubsection.48}{Run train\(s\)}{subsection.29}% 25
\BOOKMARK [3][-]{subsubsection.49}{Pay or withhold dividends}{subsection.29}% 26
\BOOKMARK [3][-]{subsubsection.50}{Buy train\(s\)}{subsection.29}% 27
\BOOKMARK [4][-]{paragraph.51}{Train buying}{subsubsection.50}% 28
\BOOKMARK [4][-]{paragraph.52}{Emergency train buying}{subsubsection.50}% 29
\BOOKMARK [1][-]{section.53}{Player Bankruptcy}{part.6}% 30
\BOOKMARK [1][-]{section.54}{Game End}{part.6}% 31
\BOOKMARK [2][-]{subsection.55}{Criteria}{section.54}% 32
\BOOKMARK [2][-]{subsection.60}{Scoring}{section.54}% 33
\BOOKMARK [0][-]{part.61}{III Acknowledgments}{}% 34
\BOOKMARK [0][-]{part.62}{IV Addenda}{}% 35
\BOOKMARK [1][-]{section.63}{Negotiation }{part.62}% 36
\BOOKMARK [1][-]{section.64}{Map}{part.62}% 37
\BOOKMARK [1][-]{section.66}{Stock Market}{part.62}% 38
\BOOKMARK [2][-]{subsection.68}{Stock Market overview}{section.66}% 39
\BOOKMARK [2][-]{subsection.69}{Stock price movement}{section.66}% 40
\BOOKMARK [1][-]{section.70}{Companies}{part.62}% 41
\BOOKMARK [2][-]{subsection.71}{Company types}{section.70}% 42
\BOOKMARK [2][-]{subsection.72}{Private companies}{section.70}% 43
\BOOKMARK [3][-]{subsubsection.73}{Private company general rules}{subsection.72}% 44
\BOOKMARK [3][-]{subsubsection.74}{Saleable private companies}{subsection.72}% 45
\BOOKMARK [4][-]{paragraph.75}{Green private companies}{subsubsection.74}% 46
\BOOKMARK [5][-]{subparagraph.76}{Het Laantje van der Gaag}{paragraph.75}% 47
\BOOKMARK [5][-]{subparagraph.77}{Spoorlijn Roosendaal - Vlissingen}{paragraph.75}% 48
\BOOKMARK [4][-]{paragraph.78}{Blue private companies}{subsubsection.74}% 49
\BOOKMARK [5][-]{subparagraph.79}{Kabinet-Rochussen}{paragraph.78}% 50
\BOOKMARK [5][-]{subparagraph.80}{Nederlandsche Fabriek van Werktuigen en Spoorwegmaterieel}{paragraph.78}% 51
\BOOKMARK [5][-]{subparagraph.81}{Fabriek van Rijtuigen en Spoorwagens J. J. Beijnes}{paragraph.78}% 52
\BOOKMARK [5][-]{subparagraph.82}{Cr\351dit Mobilier}{paragraph.78}% 53
\BOOKMARK [5][-]{subparagraph.83}{Schielands Hoge Zeedijk}{paragraph.78}% 54
\BOOKMARK [3][-]{subsubsection.84}{Unsaleable private companies}{subsection.72}% 55
\BOOKMARK [4][-]{paragraph.85}{Brown private companies}{subsubsection.84}% 56
\BOOKMARK [4][-]{paragraph.86}{Red private companies }{subsubsection.84}% 57
\BOOKMARK [5][-]{subparagraph.87}{Rotterdamsche Bank}{paragraph.86}% 58
\BOOKMARK [2][-]{subsection.88}{Public companies}{section.70}% 59
\BOOKMARK [3][-]{subsubsection.89}{Public company overview }{subsection.88}% 60
\BOOKMARK [3][-]{subsubsection.91}{Public company directors}{subsection.88}% 61
\BOOKMARK [3][-]{subsubsection.92}{Public company nationalisation}{subsection.88}% 62
\BOOKMARK [4][-]{paragraph.93}{Nationalisation overview}{subsubsection.92}% 63
\BOOKMARK [4][-]{paragraph.94}{Nationalisation process}{subsubsection.92}% 64
\BOOKMARK [2][-]{subsection.102}{Government railway}{section.70}% 65
\BOOKMARK [1][-]{section.103}{Track Tiles}{part.62}% 66
\BOOKMARK [2][-]{subsection.104}{Track tiles overview}{section.103}% 67
\BOOKMARK [2][-]{subsection.105}{Track types}{section.103}% 68
\BOOKMARK [2][-]{subsection.106}{Track placement \046 upgrades }{section.103}% 69
\BOOKMARK [3][-]{subsubsection.107}{Track placement overview }{subsection.106}% 70
\BOOKMARK [3][-]{subsubsection.108}{Upgrading track}{subsection.106}% 71
\BOOKMARK [1][-]{section.109}{Trains \046 Running Trains}{part.62}% 72
\BOOKMARK [2][-]{subsection.110}{Trains overview}{section.109}% 73
\BOOKMARK [2][-]{subsection.111}{Route definition }{section.109}% 74
\BOOKMARK [2][-]{subsection.112}{Running trains by train-type }{section.109}% 75
\BOOKMARK [3][-]{subsubsection.113}{``L'' trains}{subsection.112}% 76
\BOOKMARK [3][-]{subsubsection.114}{``R'' trains}{subsection.112}% 77
\BOOKMARK [3][-]{subsubsection.115}{N trains }{subsection.112}% 78
\BOOKMARK [3][-]{subsubsection.116}{2+1 trains }{subsection.112}% 79
\BOOKMARK [3][-]{subsubsection.117}{N+ trains }{subsection.112}% 80
\BOOKMARK [3][-]{subsubsection.118}{Diesel trains }{subsection.112}% 81
\BOOKMARK [2][-]{subsection.119}{Train limit}{section.109}% 82
\BOOKMARK [1][-]{section.120}{Game Phases }{part.62}% 83
\BOOKMARK [2][-]{subsection.121}{Yellow phase}{section.120}% 84
\BOOKMARK [2][-]{subsection.122}{Green phase}{section.120}% 85
\BOOKMARK [2][-]{subsection.123}{Blue phase}{section.120}% 86
\BOOKMARK [2][-]{subsection.124}{Light brown phase}{section.120}% 87
\BOOKMARK [2][-]{subsection.125}{Dark brown phase}{section.120}% 88
\BOOKMARK [2][-]{subsection.126}{Red phase}{section.120}% 89
\BOOKMARK [2][-]{subsection.127}{Gray phase}{section.120}% 90
\BOOKMARK [2][-]{subsection.128}{Purple phase}{section.120}% 91
